[2026-04-05 03:30:01] INFO  check: iniciando comprobaciones comunes
[2026-04-05 03:30:01] OK    check: comando wol encontrado
[2026-04-05 03:30:01] OK    check: comando wolctl encontrado
[2026-04-05 03:30:01] OK    check: comando de réplica encontrado: /usr/local/bin/zfs-repl-backup1
[2026-04-05 03:30:01] OK    check: host WOL registrado: sv-backup1
[2026-04-05 03:30:01] INFO  main: sv-backup1 ya estaba encendido; no se enviará WOL
[2026-04-05 03:30:01] INFO  check: iniciando comprobaciones online
[2026-04-05 03:30:01] OK    check: ping a 192.168.1.122 responde
[2026-04-05 03:30:02] OK    check: SSH a backup1 responde
[2026-04-05 03:30:02] OK    check: poweroff remoto no interactivo validado
[2026-04-05 03:30:02] INFO  check: comprobaciones online OK
[2026-04-05 03:30:02] INFO  repl: lanzando réplica real
[2026-04-05 03:30:02] Origen:  tank
[2026-04-05 03:30:02] Destino: alejandro@backup1:backup/replicas/main1/tank
[2026-04-05 03:30:02] Base común: tank@replica-20260404-033002
[2026-04-05 03:30:02] Nuevo snapshot: tank@replica-20260405-033002
[2026-04-05 03:30:03] Creando snapshot recursivo: tank@replica-20260405-033002
[2026-04-05 03:30:04] Estimando tamaño del incremental...
send from @replica-20260404-033002 to tank@replica-20260405-033002 estimated size is 309M
send from @replica-20260404-033002 to tank/nextcloud@replica-20260405-033002 estimated size is 624B
send from @replica-20260404-033002 to tank/nextcloud/data@replica-20260405-033002 estimated size is 3.44M
send from @replica-20260404-033002 to tank/nextcloud/db@replica-20260405-033002 estimated size is 33.0M
send from @replica-20260404-033002 to tank/nextcloud/config@replica-20260405-033002 estimated size is 380K
send from @replica-20260404-033002 to tank/appdata@replica-20260405-033002 estimated size is 624B
send from @replica-20260404-033002 to tank/appdata/casaos@replica-20260405-033002 estimated size is 624B
send from @replica-20260404-033002 to tank/appdata/docker@replica-20260405-033002 estimated size is 1.29G
send from @replica-20260404-033002 to tank/media@replica-20260405-033002 estimated size is 610M
total estimated size is 2.23G
[2026-04-05 03:30:04] Tamaño estimado total: 2.23G
[2026-04-05 03:30:04] Tamaño estimado en bytes: 2394444267
[2026-04-05 03:30:04] Iniciando réplica incremental...
[2026-04-05 03:30:46] Réplica completada correctamente
[2026-04-05 03:30:46] Nuevo snapshot base común: tank@replica-20260405-033002
[2026-04-05 03:30:46] Estado guardado en: /home/alejandro/servidores/state/main1/zfs-repl-backup1.last_common
[2026-04-05 03:30:46] OK    repl: réplica finalizada
[2026-04-05 03:30:46] INFO  main: el host ya estaba encendido al inicio; se deja encendido
[2026-04-05 03:30:46] INFO  main: flujo completado correctamente
[2026-04-06 03:30:01] INFO  check: iniciando comprobaciones comunes
[2026-04-06 03:30:01] OK    check: comando wol encontrado
[2026-04-06 03:30:01] OK    check: comando wolctl encontrado
[2026-04-06 03:30:01] OK    check: comando de réplica encontrado: /usr/local/bin/zfs-repl-backup1
[2026-04-06 03:30:01] OK    check: host WOL registrado: sv-backup1
[2026-04-06 03:30:01] INFO  main: sv-backup1 ya estaba encendido; no se enviará WOL
[2026-04-06 03:30:01] INFO  check: iniciando comprobaciones online
[2026-04-06 03:30:01] OK    check: ping a 192.168.1.122 responde
[2026-04-06 03:30:02] OK    check: SSH a backup1 responde
[2026-04-06 03:30:02] OK    check: poweroff remoto no interactivo validado
[2026-04-06 03:30:02] INFO  check: comprobaciones online OK
[2026-04-06 03:30:02] INFO  repl: lanzando réplica real
[2026-04-06 03:30:02] Origen:  tank
[2026-04-06 03:30:02] Destino: alejandro@backup1:backup/replicas/main1/tank
[2026-04-06 03:30:02] Base común: tank@replica-20260405-033002
[2026-04-06 03:30:02] Nuevo snapshot: tank@replica-20260406-033002
[2026-04-06 03:30:03] Creando snapshot recursivo: tank@replica-20260406-033002
[2026-04-06 03:30:03] Estimando tamaño del incremental...
send from @replica-20260405-033002 to tank@replica-20260406-033002 estimated size is 206M
send from @replica-20260405-033002 to tank/nextcloud@replica-20260406-033002 estimated size is 624B
send from @replica-20260405-033002 to tank/nextcloud/data@replica-20260406-033002 estimated size is 3.44M
send from @replica-20260405-033002 to tank/nextcloud/db@replica-20260406-033002 estimated size is 32.7M
send from @replica-20260405-033002 to tank/nextcloud/config@replica-20260406-033002 estimated size is 93.1K
send from @replica-20260405-033002 to tank/appdata@replica-20260406-033002 estimated size is 624B
send from @replica-20260405-033002 to tank/appdata/casaos@replica-20260406-033002 estimated size is 624B
send from @replica-20260405-033002 to tank/appdata/docker@replica-20260406-033002 estimated size is 70.3M
send from @replica-20260405-033002 to tank/media@replica-20260406-033002 estimated size is 84.2M
total estimated size is 397M
[2026-04-06 03:30:04] Tamaño estimado total: 397M
[2026-04-06 03:30:04] Tamaño estimado en bytes: 416284672
[2026-04-06 03:30:04] Iniciando réplica incremental...
[2026-04-06 03:30:17] Réplica completada correctamente
[2026-04-06 03:30:17] Nuevo snapshot base común: tank@replica-20260406-033002
[2026-04-06 03:30:17] Estado guardado en: /home/alejandro/servidores/state/main1/zfs-repl-backup1.last_common
[2026-04-06 03:30:17] OK    repl: réplica finalizada
[2026-04-06 03:30:17] INFO  main: el host ya estaba encendido al inicio; se deja encendido
[2026-04-06 03:30:17] INFO  main: flujo completado correctamente
[2026-04-07 03:30:01] INFO  check: iniciando comprobaciones comunes
[2026-04-07 03:30:01] OK    check: comando wol encontrado
[2026-04-07 03:30:01] OK    check: comando wolctl encontrado
[2026-04-07 03:30:01] OK    check: comando de réplica encontrado: /usr/local/bin/zfs-repl-backup1
[2026-04-07 03:30:02] OK    check: host WOL registrado: sv-backup1
[2026-04-07 03:30:06] INFO  main: sv-backup1 estaba apagado; se iniciará por WOL
[2026-04-07 03:30:06] INFO  wake: enviando magic packet a sv-backup1
[2026-04-07 03:30:06] INFO  wake: intento 1/3 enviado
[2026-04-07 03:30:16] INFO  wake: intento 2/3 enviado
[2026-04-07 03:30:26] INFO  wake: intento 3/3 enviado
[2026-04-07 03:30:26] INFO  wake: esperando ping hasta 300s
[2026-04-08 03:30:01] INFO  check: iniciando comprobaciones comunes
[2026-04-08 03:30:01] OK    check: comando wol encontrado
[2026-04-08 03:30:01] OK    check: comando wolctl encontrado
[2026-04-08 03:30:01] OK    check: comando de réplica encontrado: /usr/local/bin/zfs-repl-backup1
[2026-04-08 03:30:01] OK    check: host WOL registrado: sv-backup1
[2026-04-08 03:30:05] INFO  main: sv-backup1 estaba apagado; se iniciará por WOL
[2026-04-08 03:30:05] INFO  wake: enviando magic packet a sv-backup1
[2026-04-08 03:30:05] INFO  wake: intento 1/3 enviado
[2026-04-08 03:30:15] INFO  wake: intento 2/3 enviado
[2026-04-08 03:30:25] INFO  wake: intento 3/3 enviado
[2026-04-08 03:30:25] INFO  wake: esperando ping hasta 300s
[2026-04-09 03:30:03] INFO  check: iniciando comprobaciones comunes
[2026-04-09 03:30:03] OK    check: comando wol encontrado
[2026-04-09 03:30:03] OK    check: comando wolctl encontrado
[2026-04-09 03:30:03] OK    check: comando de réplica encontrado: /usr/local/bin/zfs-repl-backup1
[2026-04-09 03:30:03] OK    check: host WOL registrado: sv-backup1
[2026-04-09 03:30:07] INFO  main: sv-backup1 estaba apagado; se iniciará por WOL
[2026-04-09 03:30:07] INFO  wake: enviando magic packet a sv-backup1
[2026-04-09 03:30:08] INFO  wake: intento 1/3 enviado
[2026-04-09 03:30:18] INFO  wake: intento 2/3 enviado
[2026-04-09 03:30:28] INFO  wake: intento 3/3 enviado
[2026-04-09 03:30:28] INFO  wake: esperando ping hasta 300s
[2026-04-10 03:30:01] INFO  check: iniciando comprobaciones comunes
[2026-04-10 03:30:01] OK    check: comando wol encontrado
[2026-04-10 03:30:01] OK    check: comando wolctl encontrado
[2026-04-10 03:30:01] OK    check: comando de réplica encontrado: /usr/local/bin/zfs-repl-backup1
[2026-04-10 03:30:01] OK    check: comando de retención encontrado: /usr/local/bin/zfs-retention-prune
[2026-04-10 03:30:02] OK    check: host WOL registrado: sv-backup1
[2026-04-10 03:30:02] INFO  main: sv-backup1 ya estaba encendido; no se enviará WOL
[2026-04-10 03:30:02] INFO  check: iniciando comprobaciones online
[2026-04-10 03:30:02] OK    check: ping a 192.168.1.122 responde
[2026-04-10 03:30:02] OK    check: SSH a backup1 responde
[2026-04-10 03:30:03] OK    check: poweroff remoto no interactivo validado
[2026-04-10 03:30:03] INFO  check: comprobaciones online OK
[2026-04-10 03:30:03] INFO  repl: lanzando réplica real
[2026-04-10 03:30:03] Origen:  tank
[2026-04-10 03:30:03] Destino: alejandro@backup1:backup/replicas/main1/tank
[2026-04-10 03:30:03] Base común: tank@replica-20260409-180523
[2026-04-10 03:30:03] Nuevo snapshot: tank@replica-20260410-033003
[2026-04-10 03:30:03] Creando snapshot recursivo: tank@replica-20260410-033003
[2026-04-10 03:30:04] Estimando tamaño del incremental...
send from @replica-20260409-180523 to tank@replica-20260410-033003 estimated size is 205M
send from @replica-20260409-180523 to tank/nextcloud@replica-20260410-033003 estimated size is 624B
send from @replica-20260409-180523 to tank/nextcloud/data@replica-20260410-033003 estimated size is 59.6K
send from @replica-20260409-180523 to tank/nextcloud/db@replica-20260410-033003 estimated size is 12.9M
send from @replica-20260409-180523 to tank/nextcloud/config@replica-20260410-033003 estimated size is 205K
send from @replica-20260409-180523 to tank/appdata@replica-20260410-033003 estimated size is 624B
send from @replica-20260409-180523 to tank/appdata/casaos@replica-20260410-033003 estimated size is 624B
send from @replica-20260409-180523 to tank/appdata/docker@replica-20260410-033003 estimated size is 62.7M
send from @replica-20260409-180523 to tank/media@replica-20260410-033003 estimated size is 85.2M
total estimated size is 366M
[2026-04-10 03:30:04] Tamaño estimado total: 366M
[2026-04-10 03:30:04] Tamaño estimado en bytes: 383778816
[2026-04-10 03:30:04] Iniciando réplica incremental...
[2026-04-10 03:30:42] Réplica completada correctamente
[2026-04-10 03:30:42] Nuevo snapshot base común: tank@replica-20260410-033003
[2026-04-10 03:30:42] Estado guardado en: /home/alejandro/servidores/state/main1/zfs-repl-backup1.last_common
[2026-04-10 03:30:42] OK    repl: réplica finalizada
[2026-04-10 03:30:42] INFO  retention: aplicando política 7d/4w/6m en backup/replicas/main1/tank
zfs-retention-prune (plan)
HOST=192.168.1.122
ROOT_DATASET=backup/replicas/main1/tank
EXECUTE=1

=== PRUNE TAGS ===
replica-20260409-180225

=== COMMANDS ===
ssh alejandro@192.168.1.122 "sudo -n /usr/local/sbin/backup1-zfs-restore-helper destroy-tag 'backup/replicas/main1/tank' 'replica-20260409-180225'"

=== EXECUTING ===

Poda completada.
[2026-04-10 03:30:43] OK    retention: poda histórica completada
[2026-04-10 03:30:43] INFO  state: generando snapshot markdown de backup1
[backup1-state-snapshot] Consultando 192.168.1.122 por SSH...
[backup1-state-snapshot] Snapshot escrito en: /home/alejandro/servidores/state/backup1/backup1-state-20260410-033043.md
[2026-04-10 03:30:44] OK    state: snapshot generado
[2026-04-10 03:30:44] INFO  main: el host ya estaba encendido al inicio; se deja encendido
[2026-04-10 03:30:44] INFO  main: flujo completado correctamente
[2026-04-11 03:30:01] INFO  check: iniciando comprobaciones comunes
[2026-04-11 03:30:01] OK    check: comando wol encontrado
[2026-04-11 03:30:01] OK    check: comando wolctl encontrado
[2026-04-11 03:30:01] OK    check: comando de réplica encontrado: /usr/local/bin/zfs-repl-backup1
[2026-04-11 03:30:01] OK    check: comando de retención encontrado: /usr/local/bin/zfs-retention-prune
[2026-04-11 03:30:01] OK    check: host WOL registrado: sv-backup1
[2026-04-11 03:30:04] INFO  main: sv-backup1 estaba apagado; se iniciará por WOL
[2026-04-11 03:30:04] INFO  wake: enviando magic packet a sv-backup1
[2026-04-11 03:30:04] INFO  wake: intento 1/3 enviado
[2026-04-11 03:30:29] INFO  wake: intento 2/3 enviado
[2026-04-11 03:30:54] INFO  wake: intento 3/3 enviado
[2026-04-11 03:30:54] INFO  wake: esperando ping hasta 300s
[2026-04-11 03:31:26] OK    wake: ping recuperado
[2026-04-11 03:31:26] INFO  wake: esperando SSH hasta 300s
[2026-04-11 03:31:26] OK    wake: SSH recuperado
[2026-04-11 03:31:26] INFO  check: iniciando comprobaciones online
[2026-04-11 03:31:26] OK    check: ping a 192.168.1.122 responde
[2026-04-11 03:31:26] OK    check: SSH a backup1 responde
[2026-04-11 03:31:27] OK    check: poweroff remoto no interactivo validado
[2026-04-11 03:31:27] INFO  check: comprobaciones online OK
[2026-04-11 03:31:27] INFO  repl: lanzando réplica real
[2026-04-11 03:31:27] Origen:  tank
[2026-04-11 03:31:27] Destino: alejandro@backup1:backup/replicas/main1/tank
[2026-04-11 03:31:27] Base común: tank@replica-20260410-033003
[2026-04-11 03:31:27] Nuevo snapshot: tank@replica-20260411-033127
[2026-04-11 03:31:27] Creando snapshot recursivo: tank@replica-20260411-033127
[2026-04-11 03:31:27] Estimando tamaño del incremental...
send from @replica-20260410-033003 to tank@replica-20260411-033127 estimated size is 35.1G
send from @replica-20260410-033003 to tank/nextcloud@replica-20260411-033127 estimated size is 624B
send from @replica-20260410-033003 to tank/nextcloud/data@replica-20260411-033127 estimated size is 273M
send from @replica-20260410-033003 to tank/nextcloud/db@replica-20260411-033127 estimated size is 82.2M
send from @replica-20260410-033003 to tank/nextcloud/config@replica-20260411-033127 estimated size is 721K
send from @replica-20260410-033003 to tank/appdata@replica-20260411-033127 estimated size is 624B
send from @replica-20260410-033003 to tank/appdata/casaos@replica-20260411-033127 estimated size is 624B
send from @replica-20260410-033003 to tank/appdata/docker@replica-20260411-033127 estimated size is 85.9M
send from @replica-20260410-033003 to tank/media@replica-20260411-033127 estimated size is 6.68G
total estimated size is 42.2G
[2026-04-11 03:31:28] Tamaño estimado total: 42.2G
[2026-04-11 03:31:28] Tamaño estimado en bytes: 45311904972
[2026-04-11 03:31:28] Iniciando réplica incremental...
[2026-04-11 03:38:33] Réplica completada correctamente
[2026-04-11 03:38:33] Nuevo snapshot base común: tank@replica-20260411-033127
[2026-04-11 03:38:33] Estado guardado en: /home/alejandro/servidores/state/main1/zfs-repl-backup1.last_common
[2026-04-11 03:38:33] OK    repl: réplica finalizada
[2026-04-11 03:38:33] INFO  retention: aplicando política 7d/4w/6m en backup/replicas/main1/tank
zfs-retention-prune (plan)
HOST=192.168.1.122
ROOT_DATASET=backup/replicas/main1/tank
EXECUTE=1

=== PRUNE TAGS ===

Nada para borrar.
[2026-04-11 03:38:33] OK    retention: poda histórica completada
[2026-04-11 03:38:33] INFO  state: generando snapshot markdown de backup1
[backup1-state-snapshot] Consultando 192.168.1.122 por SSH...
[backup1-state-snapshot] Snapshot escrito en: /home/alejandro/servidores/state/backup1/backup1-state-20260411-033833.md
[2026-04-11 03:38:34] OK    state: snapshot generado
[2026-04-11 03:38:34] INFO  main: el host fue encendido por este wrapper; se apagará al final
[2026-04-11 03:38:34] INFO  shutdown: ordenando apagado remoto
[2026-04-11 03:38:34] INFO  shutdown: esperando caída completa hasta 180s
[2026-04-11 03:38:42] OK    shutdown: host apagado
[2026-04-11 03:38:42] INFO  shutdown: margen post-apagado 30s
[2026-04-11 03:39:12] INFO  shutdown: fin del ciclo
[2026-04-11 03:39:12] INFO  main: flujo completado correctamente
[2026-04-12 03:30:02] INFO  check: iniciando comprobaciones comunes
[2026-04-12 03:30:02] OK    check: comando wol encontrado
[2026-04-12 03:30:02] OK    check: comando wolctl encontrado
[2026-04-12 03:30:02] OK    check: comando de réplica encontrado: /usr/local/bin/zfs-repl-backup1
[2026-04-12 03:30:02] OK    check: comando de retención encontrado: /usr/local/bin/zfs-retention-prune
[2026-04-12 03:30:02] OK    check: host WOL registrado: sv-backup1
[2026-04-12 03:30:02] INFO  main: sv-backup1 ya estaba encendido; no se enviará WOL
[2026-04-12 03:30:02] INFO  check: iniciando comprobaciones online
[2026-04-12 03:30:02] OK    check: ping a 192.168.1.122 responde
[2026-04-12 03:30:02] OK    check: SSH a backup1 responde
[2026-04-12 03:30:03] OK    check: poweroff remoto no interactivo validado
[2026-04-12 03:30:03] INFO  check: comprobaciones online OK
[2026-04-12 03:30:03] INFO  repl: lanzando réplica real
[2026-04-12 03:30:03] Origen:  tank
[2026-04-12 03:30:03] Destino: alejandro@backup1:backup/replicas/main1/tank
[2026-04-12 03:30:03] Base común: tank@replica-20260411-033127
[2026-04-12 03:30:03] Nuevo snapshot: tank@replica-20260412-033003
[2026-04-12 03:30:03] Creando snapshot recursivo: tank@replica-20260412-033003
[2026-04-12 03:30:06] Estimando tamaño del incremental...
send from @replica-20260411-033127 to tank@replica-20260412-033003 estimated size is 233M
send from @replica-20260411-033127 to tank/nextcloud@replica-20260412-033003 estimated size is 624B
send from @replica-20260411-033127 to tank/nextcloud/data@replica-20260412-033003 estimated size is 3.35M
send from @replica-20260411-033127 to tank/nextcloud/db@replica-20260412-033003 estimated size is 33.1M
send from @replica-20260411-033127 to tank/nextcloud/config@replica-20260412-033003 estimated size is 381K
send from @replica-20260411-033127 to tank/appdata@replica-20260412-033003 estimated size is 624B
send from @replica-20260411-033127 to tank/appdata/casaos@replica-20260412-033003 estimated size is 624B
send from @replica-20260411-033127 to tank/appdata/docker@replica-20260412-033003 estimated size is 80.5M
send from @replica-20260411-033127 to tank/media@replica-20260412-033003 estimated size is 85.3M
total estimated size is 436M
[2026-04-12 03:30:06] Tamaño estimado total: 436M
[2026-04-12 03:30:06] Tamaño estimado en bytes: 457179136
[2026-04-12 03:30:06] Iniciando réplica incremental...
[2026-04-12 03:31:00] Réplica completada correctamente
[2026-04-12 03:31:00] Nuevo snapshot base común: tank@replica-20260412-033003
[2026-04-12 03:31:00] Estado guardado en: /home/alejandro/servidores/state/main1/zfs-repl-backup1.last_common
[2026-04-12 03:31:00] OK    repl: réplica finalizada
[2026-04-12 03:31:00] INFO  retention: aplicando política 7d/4w/6m en backup/replicas/main1/tank
zfs-retention-prune (plan)
HOST=192.168.1.122
ROOT_DATASET=backup/replicas/main1/tank
EXECUTE=1

=== PRUNE TAGS ===
replica-20260401-191403

=== COMMANDS ===
ssh alejandro@192.168.1.122 "sudo -n /usr/local/sbin/backup1-zfs-restore-helper destroy-tag 'backup/replicas/main1/tank' 'replica-20260401-191403'"

=== EXECUTING ===

Poda completada.
[2026-04-12 03:31:03] OK    retention: poda histórica completada
[2026-04-12 03:31:03] INFO  state: generando snapshot markdown de backup1
[backup1-state-snapshot] Consultando 192.168.1.122 por SSH...
[backup1-state-snapshot] Snapshot escrito en: /home/alejandro/servidores/state/backup1/backup1-state-20260412-033103.md
[2026-04-12 03:31:04] OK    state: snapshot generado
[2026-04-12 03:31:04] INFO  main: el host ya estaba encendido al inicio; se deja encendido
[2026-04-12 03:31:04] INFO  main: flujo completado correctamente
