OK: generado /home/alejandro/servidores/docs/COMANDOS.md
Chequeando posibles secretos...
[main b992bdd] chore(state): foto + índice actualizados main1 @ 2025-11-13_19:56
 5 files changed, 175 insertions(+), 3 deletions(-)
 create mode 100644 state/main1/2025-11-13_1955-state.md
 create mode 100644 state/main1/cron.out
To github.com:Bludi90/servidores.git
   a0830e9..b992bdd  main -> main
✅ Subido a GitHub.
grep: state/main1/current-state.md: Demasiados niveles de enlaces simbólicos
OK: generado /home/alejandro/servidores/docs/COMANDOS.md
Chequeando posibles secretos...
[main f8b3c89] chore(state): foto + índice actualizados main1 @ 2025-11-13_20:05
 5 files changed, 183 insertions(+), 3 deletions(-)
 create mode 100644 state/main1/2025-11-13_2005-state.md
To github.com:Bludi90/servidores.git
   b992bdd..f8b3c89  main -> main
✅ Subido a GitHub.
grep: state/main1/current-state.md: Demasiados niveles de enlaces simbólicos
OK: generado /home/alejandro/servidores/docs/COMANDOS.md
Chequeando posibles secretos...
[main 8bbc5a3] chore(state): foto + índice actualizados main1 @ 2025-11-13_20:10
 5 files changed, 182 insertions(+), 3 deletions(-)
 create mode 100644 state/main1/2025-11-13_2010-state.md
To github.com:Bludi90/servidores.git
   f8b3c89..8bbc5a3  main -> main
✅ Subido a GitHub.
grep: state/main1/current-state.md: Demasiados niveles de enlaces simbólicos
OK: generado /home/alejandro/servidores/docs/COMANDOS.md
Chequeando posibles secretos...
[main b0305d3] chore(state): foto + índice actualizados main1 @ 2025-11-13_21:07
 5 files changed, 182 insertions(+), 3 deletions(-)
 create mode 100644 state/main1/2025-11-13_2107-state.md
To github.com:Bludi90/servidores.git
   8bbc5a3..b0305d3  main -> main
✅ Subido a GitHub.
