[2025-11-22 18:47:35 CET] 
[2025-11-22 18:48:43 CET] 
22/11/2025 18:59:06 CET — == Servidor ==
22/11/2025 19:03:28 CET — Estado general: OK (OK=9, WARN=0, FAIL=0)
22/11/2025 19:07:09 CET — Estado general: OK (OK=9, WARN=0, FAIL=0) — ZFS tank: mirror, 0% usado de 7.25T
📅 22/11/2025 19:10:17 CET
🟢 Estado general: OK (OK=9, WARN=0, FAIL=0)
💾 ZFS tank (mirror): 0% usado de 7.25T (salud ONLINE)

📅 23/11/2025 12:00:01 CET
🟢 Estado general: srv-health no está disponible en main1
💾 ZFS tank (mirror): 0% usado de 7.25T (salud ONLINE)

📅 30/11/2025 12:00:01 CET
🟢 Estado general: srv-health no está disponible en main1
💾 ZFS tank (mirror): 0% usado de 7.25T (salud ONLINE)

📅 30/11/2025 15:59:52 CET
🟢 Estado general: OK (OK=9, WARN=0, FAIL=0)
💾 ZFS tank (mirror): 0% usado de 7.25T (salud ONLINE)

📅 07/12/2025 12:00:02 CET
🟡 Estado general: ATENCIÓN (OK=8, WARN=1, FAIL=0)
💾 ZFS tank (mirror): 4% usado de 7.25T (salud ONLINE)

📅 14/12/2025 12:00:01 CET
🟢 Estado general: OK (OK=13, WARN=0, FAIL=0)
💾 ZFS tank (mirror): 12% usado de 7.25T (salud ONLINE)

📅 21/12/2025 12:00:01 CET
🟢 Estado general: OK (OK=14, WARN=0, FAIL=0)
💾 ZFS tank (mirror): 21% usado de 7.25T (salud ONLINE)

📅 28/12/2025 12:00:01 CET
🟢 Estado general: OK (OK=14, WARN=0, FAIL=0)
💾 ZFS tank (mirror): 28% usado de 7.25T (salud ONLINE)

📅 04/01/2026 12:00:02 CET
🟢 Estado general: OK (OK=14, WARN=0, FAIL=0)
💾 ZFS tank (mirror): 30% usado de 7.25T (salud ONLINE)

📅 11/01/2026 12:00:01 CET
🟢 Estado general: OK (OK=14, WARN=0, FAIL=0)
💾 ZFS tank (mirror): 31% usado de 7.25T (salud ONLINE)

📅 18/01/2026 12:00:01 CET
🟢 Estado general: OK (OK=14, WARN=0, FAIL=0)
💾 ZFS tank (mirror): 31% usado de 7.25T (salud ONLINE)

📅 25/01/2026 12:00:02 CET
🟢 Estado general: OK (OK=14, WARN=0, FAIL=0)
💾 ZFS tank (mirror): 32% usado de 7.25T (salud ONLINE)

📅 01/02/2026 12:00:02 CET
🟢 Estado general: OK (OK=14, WARN=0, FAIL=0)
💾 ZFS tank (mirror): 33% usado de 7.25T (salud ONLINE)

📅 08/02/2026 12:00:02 CET
🟢 Estado general: OK (OK=14, WARN=0, FAIL=0)
💾 ZFS tank (mirror): 32% usado de 7.25T (salud ONLINE)

📅 15/02/2026 12:00:02 CET
🟢 Estado general: OK (OK=14, WARN=0, FAIL=0)
💾 ZFS tank (mirror): 34% usado de 7.25T (salud ONLINE)

