[2025-11-09_15:xxxx:13] snapshot: generado
[2025-11-09_15:xxxx:58] snapshot: generado
[2025-11-09_15:xxxx:00] push: OK
[2025-11-09_15:xxxx:54] snapshot: generado
[2025-11-09_15:xxxx:56] push: OK
[2025-11-09_15:xxxx:10] snapshot: generado
[2025-11-09_15:xxxx:11] push: OK
[2025-11-09_15:xxxx:56] snapshot: generado
[2025-11-09_15:xxxx:57] push: OK
[2025-11-09_15:xxxx:06] snapshot: generado
[2025-11-09_15:xxxx:08] push: OK
[2025-11-09_16:xxxx:02] snapshot: generado
[2025-11-09_16:xxxx:03] push: OK
[2025-11-09_16:xxxx:27] snapshot: generado
[2025-11-09_16:xxxx:29] push: OK
[2025-11-09_16:xxxx:55] snapshot: generado
[2025-11-09_16:xxxx:57] push: OK
[2025-11-09_16:xxxx:55] snapshot: generado
[2025-11-09_16:xxxx:56] push: OK
[2025-11-09_16:xxxx:34] snapshot: generado
[2025-11-09_16:xxxx:36] push: OK
[2025-11-09_16:xxxx:33] snapshot: generado
[2025-11-09_16:xxxx:35] push: OK
[2025-11-09_17:xxxx:02] snapshot: generado
[2025-11-09_17:xxxx:03] push: OK
[2025-11-09_17:xxxx:48] snapshot: generado
[2025-11-09_17:xxxx:48] index: actualizado
[2025-11-09_17:xxxx:48] ABORT: posibles secretos (ver consola)
[2025-11-09_17:xxxx:39] snapshot: generado
[2025-11-09_17:xxxx:39] index: actualizado
[2025-11-09_17:xxxx:39] ABORT: posibles secretos (ver consola)
[2025-11-09_17:xxxx:59] snapshot: generado
[2025-11-09_17:xxxx:59] index: actualizado
[2025-11-09_17:xxxx:01] push: OK
[2025-11-09_17:xxxx:30] snapshot: generado
[2025-11-09_17:xxxx:30] index: actualizado
[2025-11-09_17:xxxx:31] push: OK
[2025-11-09_17:xxxx:40] snapshot: generado
[2025-11-09_17:xxxx:40] housekeeping: OK
[2025-11-09_17:xxxx:40] index: actualizado
[2025-11-09_17:xxxx:42] push: OK
[2025-11-09_18:xxxx:01] snapshot: generado
[2025-11-09_18:xxxx:01] housekeeping: OK
[2025-11-09_18:xxxx:01] index: actualizado
[2025-11-09_18:xxxx:03] push: OK
[2025-11-09_18:xxxx:50] snapshot: generado
[2025-11-09_18:xxxx:50] housekeeping: OK
[2025-11-09_18:xxxx:50] index: actualizado
[2025-11-09_18:xxxx:52] push: OK
[2025-11-09_18:xxxx:51] snapshot: generado
[2025-11-09_18:xxxx:51] housekeeping: OK
[2025-11-09_18:xxxx:51] index: actualizado
[2025-11-09_18:xxxx:52] push: OK
[2025-11-09_18:xxxx:58] snapshot: generado
[2025-11-09_18:xxxx:58] housekeeping: OK
[2025-11-09_18:xxxx:58] index: actualizado
[2025-11-09_18:xxxx:00] push: OK
[2025-11-09_18:xxxx:46] snapshot: generado
[2025-11-09_18:xxxx:46] housekeeping: OK
[2025-11-09_18:xxxx:46] index: actualizado
[2025-11-09_18:xxxx:46] cmds: actualizado
[2025-11-09_18:xxxx:48] push: OK
[2025-11-09_18:xxxx:08] snapshot: generado
[2025-11-09_18:xxxx:08] housekeeping: OK
[2025-11-09_18:xxxx:08] index: actualizado
[2025-11-09_18:xxxx:08] cmds: actualizado
[2025-11-09_18:xxxx:10] push: OK
[2025-11-09_18:xxxx:07] snapshot: generado
[2025-11-09_18:xxxx:07] housekeeping: OK
[2025-11-09_18:xxxx:07] index: actualizado
[2025-11-09_18:xxxx:08] cmds: actualizado
[2025-11-09_18:xxxx:09] push: OK
[2025-11-09_19:xxxx:54] snapshot: generado
[2025-11-09_19:xxxx:54] housekeeping: OK
[2025-11-09_19:xxxx:54] index: actualizado
[2025-11-09_19:xxxx:54] cmds: actualizado
[2025-11-09_19:xxxx:55] push: OK
[2025-11-09_19:xxxx:01] snapshot: generado
[2025-11-09_19:xxxx:01] housekeeping: OK
[2025-11-09_19:xxxx:01] index: actualizado
[2025-11-09_19:xxxx:01] cmds: actualizado
[2025-11-09_19:xxxx:03] push: OK
[2025-11-09_19:xxxx:37] snapshot: generado
[2025-11-09_19:xxxx:37] housekeeping: OK
[2025-11-09_19:xxxx:37] index: actualizado
[2025-11-09_19:xxxx:37] cmds: actualizado
[2025-11-09_19:xxxx:39] push: OK
[2025-11-09_19:xxxx:50] snapshot: generado
[2025-11-09_19:xxxx:50] housekeeping: OK
[2025-11-09_19:xxxx:50] index: actualizado
[2025-11-09_19:xxxx:50] cmds: actualizado
[2025-11-09_19:xxxx:52] push: OK
[2025-11-09_19:xxxx:18] snapshot: generado
[2025-11-09_19:xxxx:18] housekeeping: OK
[2025-11-09_19:xxxx:18] index: actualizado
[2025-11-09_19:xxxx:18] cmds: actualizado
[2025-11-09_19:xxxx:20] push: OK
[2025-11-09_19:xxxx:54] snapshot: generado
[2025-11-09_19:xxxx:54] housekeeping: OK
[2025-11-09_19:xxxx:54] index: actualizado
[2025-11-09_19:xxxx:54] cmds: actualizado
[2025-11-09_19:xxxx:56] push: OK
[2025-11-09_19:xxxx:53] snapshot: generado
[2025-11-09_19:xxxx:53] housekeeping: OK
[2025-11-09_19:xxxx:53] index: actualizado
[2025-11-09_19:xxxx:53] cmds: actualizado
[2025-11-09_19:xxxx:54] push: OK
[2025-11-09_20:xxxx:01] snapshot: generado
[2025-11-09_20:xxxx:01] housekeeping: OK
[2025-11-09_20:xxxx:01] index: actualizado
[2025-11-09_20:xxxx:01] cmds: actualizado
[2025-11-09_20:xxxx:03] push: OK
[2025-11-09_20:xxxx:11] snapshot: generado
[2025-11-09_20:xxxx:11] housekeeping: OK
[2025-11-09_20:xxxx:11] index: actualizado
[2025-11-09_20:xxxx:11] cmds: actualizado
[2025-11-09_20:xxxx:13] push: OK
[2025-11-09_21:xxxx:02] snapshot: generado
[2025-11-09_21:xxxx:02] housekeeping: OK
[2025-11-09_21:xxxx:02] index: actualizado
[2025-11-09_21:xxxx:02] cmds: actualizado
[2025-11-09_21:xxxx:03] push: OK
[2025-11-09_21:xxxx:38] snapshot: generado
[2025-11-09_21:xxxx:38] housekeeping: OK
[2025-11-09_21:xxxx:38] index: actualizado
[2025-11-09_21:xxxx:38] cmds: actualizado
[2025-11-09_21:xxxx:39] push: OK
[2025-11-09_21:xxxx:27] snapshot: generado
[2025-11-09_21:xxxx:27] housekeeping: OK
[2025-11-09_21:xxxx:27] index: actualizado
[2025-11-09_21:xxxx:27] cmds: actualizado
[2025-11-09_21:xxxx:29] push: OK
[2025-11-09_21:xxxx:03] snapshot: generado
[2025-11-09_21:xxxx:03] housekeeping: OK
[2025-11-09_21:xxxx:03] index: actualizado
[2025-11-09_21:xxxx:03] cmds: actualizado
[2025-11-09_21:xxxx:05] push: OK
[2025-11-09_22:xxxx:01] snapshot: generado
[2025-11-09_22:xxxx:01] housekeeping: OK
[2025-11-09_22:xxxx:01] index: actualizado
[2025-11-09_22:xxxx:01] cmds: actualizado
[2025-11-09_22:xxxx:03] push: OK
[2025-11-09_23:xxxx:02] snapshot: generado
[2025-11-09_23:xxxx:02] housekeeping: OK
[2025-11-09_23:xxxx:02] index: actualizado
[2025-11-09_23:xxxx:02] cmds: actualizado
[2025-11-09_23:xxxx:04] push: OK
[2025-11-10_00:xxxx:01] snapshot: generado
[2025-11-10_00:xxxx:02] housekeeping: OK
[2025-11-10_00:xxxx:02] index: actualizado
[2025-11-10_00:xxxx:02] cmds: actualizado
[2025-11-10_00:xxxx:03] push: OK
[2025-11-10_01:xxxx:01] snapshot: generado
[2025-11-10_01:xxxx:01] housekeeping: OK
[2025-11-10_01:xxxx:01] index: actualizado
[2025-11-10_01:xxxx:01] cmds: actualizado
[2025-11-10_01:xxxx:03] push: OK
[2025-11-10_02:xxxx:02] snapshot: generado
[2025-11-10_02:xxxx:02] housekeeping: OK
[2025-11-10_02:xxxx:02] index: actualizado
[2025-11-10_02:xxxx:02] cmds: actualizado
[2025-11-10_02:xxxx:03] push: OK
[2025-11-10_03:xxxx:01] snapshot: generado
[2025-11-10_03:xxxx:01] housekeeping: OK
[2025-11-10_03:xxxx:01] index: actualizado
[2025-11-10_03:xxxx:01] cmds: actualizado
[2025-11-10_03:xxxx:03] push: OK
[2025-11-10_04:xxxx:01] snapshot: generado
[2025-11-10_04:xxxx:01] housekeeping: OK
[2025-11-10_04:xxxx:01] index: actualizado
[2025-11-10_04:xxxx:01] cmds: actualizado
[2025-11-10_04:xxxx:03] push: OK
[2025-11-10_05:xxxx:02] snapshot: generado
[2025-11-10_05:xxxx:02] housekeeping: OK
[2025-11-10_05:xxxx:02] index: actualizado
[2025-11-10_05:xxxx:02] cmds: actualizado
[2025-11-10_05:xxxx:03] push: OK
[2025-11-10_06:xxxx:01] snapshot: generado
[2025-11-10_06:xxxx:01] housekeeping: OK
[2025-11-10_06:xxxx:02] index: actualizado
[2025-11-10_06:xxxx:02] cmds: actualizado
[2025-11-10_06:xxxx:03] push: OK
[2025-11-10_07:xxxx:02] snapshot: generado
[2025-11-10_07:xxxx:02] housekeeping: OK
[2025-11-10_07:xxxx:02] index: actualizado
[2025-11-10_07:xxxx:02] cmds: actualizado
[2025-11-10_07:xxxx:03] push: OK
[2025-11-10_08:xxxx:01] snapshot: generado
[2025-11-10_08:xxxx:01] housekeeping: OK
[2025-11-10_08:xxxx:01] index: actualizado
[2025-11-10_08:xxxx:01] cmds: actualizado
[2025-11-10_08:xxxx:03] push: OK
[2025-11-10_09:xxxx:02] snapshot: generado
[2025-11-10_09:xxxx:02] housekeeping: OK
[2025-11-10_09:xxxx:02] index: actualizado
[2025-11-10_09:xxxx:02] cmds: actualizado
[2025-11-10_09:xxxx:03] push: OK
[2025-11-10_10:xxxx:01] snapshot: generado
[2025-11-10_10:xxxx:01] housekeeping: OK
[2025-11-10_10:xxxx:01] index: actualizado
[2025-11-10_10:xxxx:01] cmds: actualizado
[2025-11-10_10:xxxx:03] push: OK
[2025-11-10_11:xxxx:01] snapshot: generado
[2025-11-10_11:xxxx:01] housekeeping: OK
[2025-11-10_11:xxxx:01] index: actualizado
[2025-11-10_11:xxxx:01] cmds: actualizado
[2025-11-10_11:xxxx:03] push: OK
[2025-11-10_12:xxxx:02] snapshot: generado
[2025-11-10_12:xxxx:02] housekeeping: OK
[2025-11-10_12:xxxx:02] index: actualizado
[2025-11-10_12:xxxx:02] cmds: actualizado
[2025-11-10_12:xxxx:03] push: OK
[2025-11-10_13:xxxx:01] snapshot: generado
[2025-11-10_13:xxxx:01] housekeeping: OK
[2025-11-10_13:xxxx:01] index: actualizado
[2025-11-10_13:xxxx:01] cmds: actualizado
[2025-11-10_13:xxxx:03] push: OK
[2025-11-10_14:xxxx:02] snapshot: generado
[2025-11-10_14:xxxx:02] housekeeping: OK
[2025-11-10_14:xxxx:02] index: actualizado
[2025-11-10_14:xxxx:02] cmds: actualizado
[2025-11-10_14:xxxx:03] push: OK
[2025-11-10_15:xxxx:01] snapshot: generado
[2025-11-10_15:xxxx:01] housekeeping: OK
[2025-11-10_15:xxxx:01] index: actualizado
[2025-11-10_15:xxxx:01] cmds: actualizado
[2025-11-10_15:xxxx:03] push: OK
[2025-11-10_16:xxxx:01] snapshot: generado
[2025-11-10_16:xxxx:01] housekeeping: OK
[2025-11-10_16:xxxx:01] index: actualizado
[2025-11-10_16:xxxx:01] cmds: actualizado
[2025-11-10_16:xxxx:03] push: OK
[2025-11-10_16:xxxx:05] snapshot: generado
[2025-11-10_16:xxxx:05] housekeeping: OK
[2025-11-10_16:xxxx:05] index: actualizado
[2025-11-10_16:xxxx:06] cmds: actualizado
[2025-11-10_16:xxxx:07] push: OK
[2025-11-10_18:xxxx:01] snapshot: generado
[2025-11-10_18:xxxx:01] housekeeping: OK
[2025-11-10_18:xxxx:01] index: actualizado
[2025-11-10_18:xxxx:01] cmds: actualizado
[2025-11-10_18:xxxx:03] push: OK
[2025-11-10_20:xxxx:02] snapshot: generado
[2025-11-10_20:xxxx:02] housekeeping: OK
[2025-11-10_20:xxxx:02] index: actualizado
[2025-11-10_20:xxxx:02] cmds: actualizado
[2025-11-10_20:xxxx:04] push: OK
[2025-11-10_21:xxxx:02] snapshot: generado
[2025-11-10_21:xxxx:02] housekeeping: OK
[2025-11-10_21:xxxx:02] index: actualizado
[2025-11-10_21:xxxx:02] cmds: actualizado
[2025-11-10_21:xxxx:04] push: OK
[2025-11-10_22:xxxx:02] snapshot: generado
[2025-11-10_22:xxxx:02] housekeeping: OK
[2025-11-10_22:xxxx:02] index: actualizado
[2025-11-10_22:xxxx:02] cmds: actualizado
[2025-11-10_22:xxxx:04] push: OK
[2025-11-10_23:xxxx:01] snapshot: generado
[2025-11-10_23:xxxx:01] housekeeping: OK
[2025-11-10_23:xxxx:01] index: actualizado
[2025-11-10_23:xxxx:01] cmds: actualizado
[2025-11-10_23:xxxx:03] push: OK
[2025-11-11_00:xxxx:01] snapshot: generado
[2025-11-11_00:xxxx:01] housekeeping: OK
[2025-11-11_00:xxxx:01] index: actualizado
[2025-11-11_00:xxxx:01] cmds: actualizado
[2025-11-11_00:xxxx:03] push: OK
[2025-11-11_01:xxxx:02] snapshot: generado
[2025-11-11_01:xxxx:02] housekeeping: OK
[2025-11-11_01:xxxx:02] index: actualizado
[2025-11-11_01:xxxx:02] cmds: actualizado
[2025-11-11_01:xxxx:03] push: OK
[2025-11-11_02:xxxx:02] snapshot: generado
[2025-11-11_02:xxxx:02] housekeeping: OK
[2025-11-11_02:xxxx:02] index: actualizado
[2025-11-11_02:xxxx:02] cmds: actualizado
[2025-11-11_02:xxxx:04] push: OK
[2025-11-11_03:xxxx:02] snapshot: generado
[2025-11-11_03:xxxx:02] housekeeping: OK
[2025-11-11_03:xxxx:02] index: actualizado
[2025-11-11_03:xxxx:02] cmds: actualizado
[2025-11-11_03:xxxx:04] push: OK
[2025-11-11_04:xxxx:01] snapshot: generado
[2025-11-11_04:xxxx:01] housekeeping: OK
[2025-11-11_04:xxxx:01] index: actualizado
[2025-11-11_04:xxxx:01] cmds: actualizado
[2025-11-11_04:xxxx:03] push: OK
[2025-11-11_05:xxxx:02] snapshot: generado
[2025-11-11_05:xxxx:02] housekeeping: OK
[2025-11-11_05:xxxx:02] index: actualizado
[2025-11-11_05:xxxx:02] cmds: actualizado
[2025-11-11_05:xxxx:04] push: OK
[2025-11-11_06:xxxx:01] snapshot: generado
[2025-11-11_06:xxxx:01] housekeeping: OK
[2025-11-11_06:xxxx:01] index: actualizado
[2025-11-11_06:xxxx:02] cmds: actualizado
[2025-11-11_06:xxxx:03] push: OK
[2025-11-11_07:xxxx:01] snapshot: generado
[2025-11-11_07:xxxx:01] housekeeping: OK
[2025-11-11_07:xxxx:01] index: actualizado
[2025-11-11_07:xxxx:01] cmds: actualizado
[2025-11-11_07:xxxx:03] push: OK
[2025-11-11_08:xxxx:02] snapshot: generado
[2025-11-11_08:xxxx:02] housekeeping: OK
[2025-11-11_08:xxxx:02] index: actualizado
[2025-11-11_08:xxxx:02] cmds: actualizado
[2025-11-11_08:xxxx:04] push: OK
[2025-11-11_09:xxxx:01] snapshot: generado
[2025-11-11_09:xxxx:01] housekeeping: OK
[2025-11-11_09:xxxx:01] index: actualizado
[2025-11-11_09:xxxx:02] cmds: actualizado
[2025-11-11_09:xxxx:03] push: OK
[2025-11-11_10:xxxx:02] snapshot: generado
[2025-11-11_10:xxxx:02] housekeeping: OK
[2025-11-11_10:xxxx:02] index: actualizado
[2025-11-11_10:xxxx:02] cmds: actualizado
[2025-11-11_10:xxxx:04] push: OK
[2025-11-11_11:xxxx:01] snapshot: generado
[2025-11-11_11:xxxx:01] housekeeping: OK
[2025-11-11_11:xxxx:01] index: actualizado
[2025-11-11_11:xxxx:02] cmds: actualizado
[2025-11-11_11:xxxx:03] push: OK
[2025-11-11_12:xxxx:02] snapshot: generado
[2025-11-11_12:xxxx:02] housekeeping: OK
[2025-11-11_12:xxxx:02] index: actualizado
[2025-11-11_12:xxxx:02] cmds: actualizado
[2025-11-11_12:xxxx:04] push: OK
[2025-11-11_13:xxxx:01] snapshot: generado
[2025-11-11_13:xxxx:01] housekeeping: OK
[2025-11-11_13:xxxx:01] index: actualizado
[2025-11-11_13:xxxx:01] cmds: actualizado
[2025-11-11_13:xxxx:03] push: OK
[2025-11-11_14:xxxx:02] snapshot: generado
[2025-11-11_14:xxxx:02] housekeeping: OK
[2025-11-11_14:xxxx:02] index: actualizado
[2025-11-11_14:xxxx:02] cmds: actualizado
[2025-11-11_14:xxxx:04] push: OK
[2025-11-11_15:xxxx:02] snapshot: generado
[2025-11-11_15:xxxx:02] housekeeping: OK
[2025-11-11_15:xxxx:02] index: actualizado
[2025-11-11_15:xxxx:02] cmds: actualizado
[2025-11-11_15:xxxx:04] push: OK
[2025-11-11_16:xxxx:01] snapshot: generado
[2025-11-11_16:xxxx:01] housekeeping: OK
[2025-11-11_16:xxxx:01] index: actualizado
[2025-11-11_16:xxxx:01] cmds: actualizado
[2025-11-11_16:xxxx:03] push: OK
[2025-11-11_17:xxxx:01] snapshot: generado
[2025-11-11_17:xxxx:01] housekeeping: OK
[2025-11-11_17:xxxx:01] index: actualizado
[2025-11-11_17:xxxx:01] cmds: actualizado
[2025-11-11_17:xxxx:03] push: OK
[2025-11-11_18:xxxx:02] snapshot: generado
[2025-11-11_18:xxxx:02] housekeeping: OK
[2025-11-11_18:xxxx:02] index: actualizado
[2025-11-11_18:xxxx:02] cmds: actualizado
[2025-11-11_18:xxxx:04] push: OK
[2025-11-11_19:xxxx:01] snapshot: generado
[2025-11-11_19:xxxx:01] housekeeping: OK
[2025-11-11_19:xxxx:01] index: actualizado
[2025-11-11_19:xxxx:02] cmds: actualizado
[2025-11-11_19:xxxx:03] push: OK
[2025-11-11_20:xxxx:02] snapshot: generado
[2025-11-11_20:xxxx:02] housekeeping: OK
[2025-11-11_20:xxxx:02] index: actualizado
[2025-11-11_20:xxxx:02] cmds: actualizado
[2025-11-11_20:xxxx:04] push: OK
[2025-11-11_21:xxxx:01] snapshot: generado
[2025-11-11_21:xxxx:01] housekeeping: OK
[2025-11-11_21:xxxx:01] index: actualizado
[2025-11-11_21:xxxx:01] cmds: actualizado
[2025-11-11_21:xxxx:03] push: OK
[2025-11-11_22:xxxx:02] snapshot: generado
[2025-11-11_22:xxxx:02] housekeeping: OK
[2025-11-11_22:xxxx:02] index: actualizado
[2025-11-11_22:xxxx:02] cmds: actualizado
[2025-11-11_22:xxxx:04] push: OK
[2025-11-11_23:xxxx:01] snapshot: generado
[2025-11-11_23:xxxx:01] housekeeping: OK
[2025-11-11_23:xxxx:01] index: actualizado
[2025-11-11_23:xxxx:01] cmds: actualizado
[2025-11-11_23:xxxx:03] push: OK
[2025-11-12_00:xxxx:02] snapshot: generado
[2025-11-12_00:xxxx:02] housekeeping: OK
[2025-11-12_00:xxxx:02] index: actualizado
[2025-11-12_00:xxxx:02] cmds: actualizado
[2025-11-12_00:xxxx:03] push: OK
[2025-11-12_00:xxxx:49] snapshot: generado
[2025-11-12_00:xxxx:49] housekeeping: OK
[2025-11-12_00:xxxx:49] index: actualizado
[2025-11-12_00:xxxx:49] cmds: actualizado
[2025-11-12_00:xxxx:51] push: OK
[2025-11-12_00:xxxx:34] snapshot: generado
[2025-11-12_00:xxxx:34] housekeeping: OK
[2025-11-12_00:xxxx:34] index: actualizado
[2025-11-12_00:xxxx:34] cmds: actualizado
[2025-11-12_00:xxxx:36] push: OK
[2025-11-12_00:xxxx:47] snapshot: generado
[2025-11-12_00:xxxx:47] housekeeping: OK
[2025-11-12_00:xxxx:47] index: actualizado
[2025-11-12_00:xxxx:47] cmds: actualizado
[2025-11-12_00:xxxx:49] push: OK
[2025-11-12_00:xxxx:57] snapshot: generado
[2025-11-12_00:xxxx:57] housekeeping: OK
[2025-11-12_00:xxxx:57] index: actualizado
[2025-11-12_00:xxxx:57] cmds: actualizado
[2025-11-12_00:xxxx:59] push: OK
[2025-11-12_01:xxxx:01] snapshot: generado
[2025-11-12_01:xxxx:01] housekeeping: OK
[2025-11-12_01:xxxx:01] index: actualizado
[2025-11-12_01:xxxx:01] cmds: actualizado
[2025-11-12_01:xxxx:03] push: OK
[2025-11-12_02:xxxx:01] snapshot: generado
[2025-11-12_02:xxxx:01] housekeeping: OK
[2025-11-12_02:xxxx:01] index: actualizado
[2025-11-12_02:xxxx:01] cmds: actualizado
[2025-11-12_02:xxxx:03] push: OK
[2025-11-12_03:xxxx:02] snapshot: generado
[2025-11-12_03:xxxx:02] housekeeping: OK
[2025-11-12_03:xxxx:02] index: actualizado
[2025-11-12_03:xxxx:02] cmds: actualizado
[2025-11-12_03:xxxx:04] push: OK
[2025-11-12_04:xxxx:02] snapshot: generado
[2025-11-12_04:xxxx:02] housekeeping: OK
[2025-11-12_04:xxxx:02] index: actualizado
[2025-11-12_04:xxxx:02] cmds: actualizado
[2025-11-12_04:xxxx:03] push: OK
[2025-11-12_05:xxxx:01] snapshot: generado
[2025-11-12_05:xxxx:01] housekeeping: OK
[2025-11-12_05:xxxx:01] index: actualizado
[2025-11-12_05:xxxx:01] cmds: actualizado
[2025-11-12_05:xxxx:03] push: OK
[2025-11-12_06:xxxx:01] snapshot: generado
[2025-11-12_06:xxxx:01] housekeeping: OK
[2025-11-12_06:xxxx:01] index: actualizado
[2025-11-12_06:xxxx:01] cmds: actualizado
[2025-11-12_06:xxxx:03] push: OK
[2025-11-12_07:xxxx:02] snapshot: generado
[2025-11-12_07:xxxx:02] housekeeping: OK
[2025-11-12_07:xxxx:02] index: actualizado
[2025-11-12_07:xxxx:02] cmds: actualizado
[2025-11-12_07:xxxx:04] push: OK
[2025-11-12_08:xxxx:01] snapshot: generado
[2025-11-12_08:xxxx:01] housekeeping: OK
[2025-11-12_08:xxxx:01] index: actualizado
[2025-11-12_08:xxxx:02] cmds: actualizado
[2025-11-12_08:xxxx:03] push: OK
[2025-11-12_09:xxxx:01] snapshot: generado
[2025-11-12_09:xxxx:01] housekeeping: OK
[2025-11-12_09:xxxx:01] index: actualizado
[2025-11-12_09:xxxx:01] cmds: actualizado
[2025-11-12_09:xxxx:03] push: OK
[2025-11-12_10:xxxx:01] snapshot: generado
[2025-11-12_10:xxxx:01] housekeeping: OK
[2025-11-12_10:xxxx:01] index: actualizado
[2025-11-12_10:xxxx:01] cmds: actualizado
[2025-11-12_10:xxxx:03] push: OK
[2025-11-12_11:xxxx:02] snapshot: generado
[2025-11-12_11:xxxx:02] housekeeping: OK
[2025-11-12_11:xxxx:02] index: actualizado
[2025-11-12_11:xxxx:02] cmds: actualizado
[2025-11-12_11:xxxx:03] push: OK
[2025-11-12_12:xxxx:01] snapshot: generado
[2025-11-12_12:xxxx:01] housekeeping: OK
[2025-11-12_12:xxxx:01] index: actualizado
[2025-11-12_12:xxxx:01] cmds: actualizado
[2025-11-12_12:xxxx:03] push: OK
[2025-11-12_13:xxxx:01] snapshot: generado
[2025-11-12_13:xxxx:01] housekeeping: OK
[2025-11-12_13:xxxx:01] index: actualizado
[2025-11-12_13:xxxx:01] cmds: actualizado
[2025-11-12_13:xxxx:03] push: OK
[2025-11-12_14:xxxx:01] snapshot: generado
[2025-11-12_14:xxxx:01] housekeeping: OK
[2025-11-12_14:xxxx:01] index: actualizado
[2025-11-12_14:xxxx:01] cmds: actualizado
[2025-11-12_14:xxxx:04] push: OK
[2025-11-12_15:xxxx:02] snapshot: generado
[2025-11-12_15:xxxx:02] housekeeping: OK
[2025-11-12_15:xxxx:02] index: actualizado
[2025-11-12_15:xxxx:02] cmds: actualizado
[2025-11-12_15:xxxx:04] push: OK
[2025-11-12_16:xxxx:02] snapshot: generado
[2025-11-12_16:xxxx:02] housekeeping: OK
[2025-11-12_16:xxxx:02] index: actualizado
[2025-11-12_16:xxxx:02] cmds: actualizado
[2025-11-12_16:xxxx:04] push: OK
[2025-11-12_17:xxxx:01] snapshot: generado
[2025-11-12_17:xxxx:01] housekeeping: OK
[2025-11-12_17:xxxx:01] index: actualizado
[2025-11-12_17:xxxx:02] cmds: actualizado
[2025-11-12_17:xxxx:03] push: OK
[2025-11-12_18:xxxx:01] snapshot: generado
[2025-11-12_18:xxxx:01] housekeeping: OK
[2025-11-12_18:xxxx:01] index: actualizado
[2025-11-12_18:xxxx:01] cmds: actualizado
[2025-11-12_18:xxxx:03] push: OK
[2025-11-12_19:xxxx:01] snapshot: generado
[2025-11-12_19:xxxx:01] housekeeping: OK
[2025-11-12_19:xxxx:01] index: actualizado
[2025-11-12_19:xxxx:01] cmds: actualizado
[2025-11-12_19:xxxx:03] push: OK
[2025-11-12_20:xxxx:02] snapshot: generado
[2025-11-12_20:xxxx:02] housekeeping: OK
[2025-11-12_20:xxxx:02] index: actualizado
[2025-11-12_20:xxxx:02] cmds: actualizado
[2025-11-12_20:xxxx:04] push: OK
[2025-11-12_21:xxxx:02] snapshot: generado
[2025-11-12_21:xxxx:02] housekeeping: OK
[2025-11-12_21:xxxx:02] index: actualizado
[2025-11-12_21:xxxx:02] cmds: actualizado
[2025-11-12_21:xxxx:03] push: OK
[2025-11-12_22:xxxx:02] snapshot: generado
[2025-11-12_22:xxxx:02] housekeeping: OK
[2025-11-12_22:xxxx:02] index: actualizado
[2025-11-12_22:xxxx:02] cmds: actualizado
[2025-11-12_22:xxxx:03] push: OK
[2025-11-12_22:xxxx:40] snapshot: generado
[2025-11-12_22:xxxx:40] housekeeping: OK
[2025-11-12_22:xxxx:40] index: actualizado
[2025-11-12_22:xxxx:41] cmds: actualizado
[2025-11-12_22:xxxx:42] push: OK
[2025-11-12_22:xxxx:22] snapshot: generado
[2025-11-12_22:xxxx:22] housekeeping: OK
[2025-11-12_22:xxxx:23] index: actualizado
[2025-11-12_22:xxxx:23] cmds: actualizado
[2025-11-12_22:xxxx:24] push: OK
[2025-11-12_23:xxxx:01] snapshot: generado
[2025-11-12_23:xxxx:01] housekeeping: OK
[2025-11-12_23:xxxx:01] index: actualizado
[2025-11-12_23:xxxx:01] cmds: actualizado
[2025-11-12_23:xxxx:03] push: OK
[2025-11-12_23:xxxx:12] snapshot: generado
[2025-11-12_23:xxxx:12] housekeeping: OK
[2025-11-12_23:xxxx:13] index: actualizado
[2025-11-12_23:xxxx:13] cmds: actualizado
[2025-11-12_23:xxxx:14] push: OK
[2025-11-13_19:xxxx:50] snapshot: generado
[2025-11-13_19:xxxx:50] housekeeping: OK
[2025-11-13_19:xxxx:50] index: actualizado
[2025-11-13_19:xxxx:50] cmds: actualizado
[2025-11-13_19:xxxx:52] push: OK
[2025-11-13_19:xxxx:59] snapshot: generado
[2025-11-13_19:xxxx:59] housekeeping: OK
[2025-11-13_19:xxxx:59] index: actualizado
[2025-11-13_19:xxxx:00] cmds: actualizado
[2025-11-13_19:xxxx:01] push: OK
[2025-11-13_20:xxxx:01] snapshot: generado
[2025-11-13_20:xxxx:01] housekeeping: OK
[2025-11-13_20:xxxx:01] index: actualizado
[2025-11-13_20:xxxx:01] cmds: actualizado
[2025-11-13_20:xxxx:03] push: OK
[2025-11-13_20:xxxx:01] snapshot: generado
[2025-11-13_20:xxxx:01] housekeeping: OK
[2025-11-13_20:xxxx:01] index: actualizado
[2025-11-13_20:xxxx:02] cmds: actualizado
[2025-11-13_20:xxxx:03] push: OK
[2025-11-13_21:xxxx:01] snapshot: generado
[2025-11-13_21:xxxx:01] housekeeping: OK
[2025-11-13_21:xxxx:01] index: actualizado
[2025-11-13_21:xxxx:01] cmds: actualizado
[2025-11-13_21:xxxx:03] push: OK
[2025-11-13_21:xxxx:57] snapshot: generado
[2025-11-13_21:xxxx:57] housekeeping: OK
[2025-11-13_21:xxxx:57] index: actualizado
[2025-11-13_21:xxxx:57] cmds: actualizado
