[2026-03-31 18:56:57] Origen:  tank
[2026-03-31 18:56:57] Destino: alejandro@backup1:backup/replicas/main1/tank
[2026-03-31 18:56:57] Base común: tank@replica-20260331a
[2026-03-31 18:56:57] Nuevo snapshot: tank@replica-20260331-185657
[2026-03-31 18:57:01] Creando snapshot recursivo: tank@replica-20260331-185657
[2026-03-31 18:57:02] Estimando tamaño del incremental...
[2026-03-31 18:57:03] Tamaño estimado total: 32.9M
[2026-03-31 18:57:07] Iniciando réplica incremental...
[2026-03-31 18:57:11] Réplica completada correctamente
[2026-03-31 18:57:11] Nuevo snapshot base común: tank@replica-20260331-185657
[2026-03-31 18:57:11] Estado guardado en: /home/alejandro/servidores/state/main1/zfs-repl-backup1.last_common
[2026-03-31 19:24:37] Origen:  tank
[2026-03-31 19:24:37] Destino: alejandro@backup1:backup/replicas/main1/tank
[2026-03-31 19:24:37] Base común: tank@replica-20260331-185657
[2026-03-31 19:24:37] Nuevo snapshot: tank@replica-20260331-192437
[2026-03-31 19:24:38] ERROR: No hay SSH funcional hacia backup1
[2026-04-01 18:06:17] Origen:  tank
[2026-04-01 18:06:17] Destino: alejandro@backup1:backup/replicas/main1/tank
[2026-04-01 18:06:17] Base común: tank@replica-20260331-185657
[2026-04-01 18:06:17] Nuevo snapshot: tank@replica-20260401-180617
[2026-04-01 18:06:18] Creando snapshot recursivo: tank@replica-20260401-180617
[2026-04-01 18:06:18] Estimando tamaño del incremental...
[2026-04-01 18:06:18] Tamaño estimado total: 530M
[2026-04-01 18:06:18] Iniciando réplica incremental...
[2026-04-01 18:06:36] Réplica completada correctamente
[2026-04-01 18:06:36] Nuevo snapshot base común: tank@replica-20260401-180617
[2026-04-01 18:06:36] Estado guardado en: /home/alejandro/servidores/state/main1/zfs-repl-backup1.last_common
[2026-04-01 18:21:52] Origen:  tank
[2026-04-01 18:21:52] Destino: alejandro@backup1:backup/replicas/main1/tank
[2026-04-01 18:21:52] Base común: tank@replica-20260401-180617
[2026-04-01 18:21:52] Nuevo snapshot: tank@replica-20260401-182152
[2026-04-01 18:21:52] Creando snapshot recursivo: tank@replica-20260401-182152
[2026-04-01 18:21:53] Estimando tamaño del incremental...
[2026-04-01 18:21:53] Tamaño estimado total: 11.7M
[2026-04-01 18:21:53] Tamaño estimado en bytes: 12268339
[2026-04-01 18:21:53] Dry-run solicitado: no se enviará nada
[2026-04-01 18:22:42] Origen:  tank
[2026-04-01 18:22:42] Destino: alejandro@backup1:backup/replicas/main1/tank
[2026-04-01 18:22:42] Base común: tank@replica-20260401-180617
[2026-04-01 18:22:42] Nuevo snapshot: tank@replica-20260401-182242
[2026-04-01 18:22:42] Creando snapshot recursivo: tank@replica-20260401-182242
[2026-04-01 18:22:42] Estimando tamaño del incremental...
[2026-04-01 18:22:42] Tamaño estimado total: 14.2M
[2026-04-01 18:22:42] Tamaño estimado en bytes: 14889779
[2026-04-01 18:22:42] Iniciando réplica incremental...
[2026-04-01 18:22:49] Réplica completada correctamente
[2026-04-01 18:22:49] Nuevo snapshot base común: tank@replica-20260401-182242
[2026-04-01 18:22:49] Estado guardado en: /home/alejandro/servidores/state/main1/zfs-repl-backup1.last_common
[2026-04-01 18:35:39] Origen:  tank
[2026-04-01 18:35:39] Destino: alejandro@backup1:backup/replicas/main1/tank
[2026-04-01 18:35:39] Base común: tank@replica-20260401-182242
[2026-04-01 18:35:39] Nuevo snapshot: tank@replica-20260401-183539
[2026-04-01 18:35:39] Creando snapshot recursivo: tank@replica-20260401-183539
[2026-04-01 18:35:39] Estimando tamaño del incremental...
[2026-04-01 18:35:40] Tamaño estimado total: 9.49M
[2026-04-01 18:35:40] Tamaño estimado en bytes: 9950986
[2026-04-01 18:35:40] Dry-run: borrando snapshot temporal tank@replica-20260401-183539
[2026-04-01 18:35:40] Dry-run solicitado: no se enviará nada
[2026-04-01 19:10:33] ERROR: Opción no reconocida: [--from
[2026-04-01 19:10:33] Origen:  tank
[2026-04-01 19:10:33] Destino: alejandro@backup1:backup/replicas/main1/tank
[2026-04-01 19:10:33] Base común: tank@replica-20260401-182242
[2026-04-01 19:10:33] Nuevo snapshot: tank@replica-20260401-191033
[2026-04-01 19:10:33] Creando snapshot recursivo: tank@replica-20260401-191033
[2026-04-01 19:10:33] Estimando tamaño del incremental...
[2026-04-01 19:10:34] Tamaño estimado total: 30.9M
[2026-04-01 19:10:34] Tamaño estimado en bytes: 32400998
[2026-04-01 19:14:03] ERROR: Opción no reconocida: [--from
[2026-04-01 19:14:03] Origen:  tank
[2026-04-01 19:14:03] Destino: alejandro@backup1:backup/replicas/main1/tank
[2026-04-01 19:14:03] Base común: tank@replica-20260401-182242
[2026-04-01 19:14:03] Nuevo snapshot: tank@replica-20260401-191403
[2026-04-01 19:14:04] Creando snapshot recursivo: tank@replica-20260401-191403
[2026-04-01 19:14:04] Estimando tamaño del incremental...
[2026-04-01 19:14:04] Tamaño estimado total: 34.7M
[2026-04-01 19:14:04] Tamaño estimado en bytes: 36385587
[2026-04-03 20:51:42] Origen:  tank
[2026-04-03 20:51:42] Destino: alejandro@backup1:backup/replicas/main1/tank
[2026-04-03 20:51:42] Base común: tank@replica-20260401-182242
[2026-04-03 20:51:42] Nuevo snapshot: tank@replica-20260403-205142
[2026-04-03 20:51:43] Creando snapshot recursivo: tank@replica-20260403-205142
[2026-04-03 20:51:43] Estimando tamaño del incremental...
[2026-04-03 20:51:43] Tamaño estimado total: 35.0G
[2026-04-03 20:51:43] Tamaño estimado en bytes: 37580963840
[2026-04-03 20:51:43] Iniciando réplica incremental...
[2026-04-03 20:53:13] Origen:  tank
[2026-04-03 20:53:13] Destino: alejandro@backup1:backup/replicas/main1/tank
[2026-04-03 20:53:13] Base común: tank@replica-20260401-182242
[2026-04-03 20:53:13] Nuevo snapshot: tank@replica-20260403-205313
[2026-04-03 20:53:14] Creando snapshot recursivo: tank@replica-20260403-205313
[2026-04-03 20:53:14] Estimando tamaño del incremental...
[2026-04-03 20:53:14] Tamaño estimado total: 35.0G
[2026-04-03 20:53:14] Tamaño estimado en bytes: 37580963840
[2026-04-03 20:53:14] Iniciando réplica incremental...
[2026-04-03 20:59:58] Réplica completada correctamente
[2026-04-03 20:59:58] Nuevo snapshot base común: tank@replica-20260403-205313
[2026-04-03 20:59:58] Estado guardado en: /home/alejandro/servidores/state/main1/zfs-repl-backup1.last_common
[2026-04-03 21:27:53] Origen:  tank
[2026-04-03 21:27:53] Destino: alejandro@backup1:backup/replicas/main1/tank
[2026-04-03 21:27:53] Base común: tank@replica-20260403-205313
[2026-04-03 21:27:53] Nuevo snapshot: tank@replica-20260403-212753
[2026-04-03 21:27:54] Creando snapshot recursivo: tank@replica-20260403-212753
[2026-04-03 21:27:54] Estimando tamaño del incremental...
[2026-04-03 21:27:54] Tamaño estimado total: 1.53G
[2026-04-03 21:27:54] Tamaño estimado en bytes: 1642824990
[2026-04-03 21:27:54] Iniciando réplica incremental...
[2026-04-03 21:28:19] Réplica completada correctamente
[2026-04-03 21:28:19] Nuevo snapshot base común: tank@replica-20260403-212753
[2026-04-03 21:28:19] Estado guardado en: /home/alejandro/servidores/state/main1/zfs-repl-backup1.last_common
[2026-04-04 03:30:02] Origen:  tank
[2026-04-04 03:30:02] Destino: alejandro@backup1:backup/replicas/main1/tank
[2026-04-04 03:30:02] Base común: tank@replica-20260403-212753
[2026-04-04 03:30:02] Nuevo snapshot: tank@replica-20260404-033002
[2026-04-04 03:30:03] Creando snapshot recursivo: tank@replica-20260404-033002
[2026-04-04 03:30:04] Estimando tamaño del incremental...
[2026-04-04 03:30:07] Tamaño estimado total: 928M
[2026-04-04 03:30:07] Tamaño estimado en bytes: 973078528
[2026-04-04 03:30:07] Iniciando réplica incremental...
[2026-04-04 03:30:29] Réplica completada correctamente
[2026-04-04 03:30:29] Nuevo snapshot base común: tank@replica-20260404-033002
[2026-04-04 03:30:29] Estado guardado en: /home/alejandro/servidores/state/main1/zfs-repl-backup1.last_common
[2026-04-05 03:30:02] Origen:  tank
[2026-04-05 03:30:02] Destino: alejandro@backup1:backup/replicas/main1/tank
[2026-04-05 03:30:02] Base común: tank@replica-20260404-033002
[2026-04-05 03:30:02] Nuevo snapshot: tank@replica-20260405-033002
[2026-04-05 03:30:03] Creando snapshot recursivo: tank@replica-20260405-033002
[2026-04-05 03:30:04] Estimando tamaño del incremental...
[2026-04-05 03:30:04] Tamaño estimado total: 2.23G
[2026-04-05 03:30:04] Tamaño estimado en bytes: 2394444267
[2026-04-05 03:30:04] Iniciando réplica incremental...
[2026-04-05 03:30:46] Réplica completada correctamente
[2026-04-05 03:30:46] Nuevo snapshot base común: tank@replica-20260405-033002
[2026-04-05 03:30:46] Estado guardado en: /home/alejandro/servidores/state/main1/zfs-repl-backup1.last_common
[2026-04-06 03:30:02] Origen:  tank
[2026-04-06 03:30:02] Destino: alejandro@backup1:backup/replicas/main1/tank
[2026-04-06 03:30:02] Base común: tank@replica-20260405-033002
[2026-04-06 03:30:02] Nuevo snapshot: tank@replica-20260406-033002
[2026-04-06 03:30:03] Creando snapshot recursivo: tank@replica-20260406-033002
[2026-04-06 03:30:03] Estimando tamaño del incremental...
[2026-04-06 03:30:04] Tamaño estimado total: 397M
[2026-04-06 03:30:04] Tamaño estimado en bytes: 416284672
[2026-04-06 03:30:04] Iniciando réplica incremental...
[2026-04-06 03:30:17] Réplica completada correctamente
[2026-04-06 03:30:17] Nuevo snapshot base común: tank@replica-20260406-033002
[2026-04-06 03:30:17] Estado guardado en: /home/alejandro/servidores/state/main1/zfs-repl-backup1.last_common
[2026-04-09 15:17:22] Origen:  tank
[2026-04-09 15:17:22] Destino: alejandro@backup1:backup/replicas/main1/tank
[2026-04-09 15:17:22] Base común: tank@replica-20260406-033002
[2026-04-09 15:17:22] Nuevo snapshot: tank@replica-20260409-151722
[2026-04-09 15:17:22] Creando snapshot recursivo: tank@replica-20260409-151722
[2026-04-09 15:17:22] Estimando tamaño del incremental...
[2026-04-09 15:17:23] Tamaño estimado total: 1.87G
[2026-04-09 15:17:23] Tamaño estimado en bytes: 2007897210
[2026-04-09 15:17:23] Iniciando réplica incremental...
[2026-04-09 15:18:09] Réplica completada correctamente
[2026-04-09 15:18:09] Nuevo snapshot base común: tank@replica-20260409-151722
[2026-04-09 15:18:09] Estado guardado en: /home/alejandro/servidores/state/main1/zfs-repl-backup1.last_common
[2026-04-09 15:41:23] Origen:  tank
[2026-04-09 15:41:23] Destino: alejandro@backup1:backup/replicas/main1/tank
[2026-04-09 15:41:23] Base común: tank@replica-20260409-151722
[2026-04-09 15:41:23] Nuevo snapshot: tank@replica-20260409-154123
[2026-04-09 15:41:24] Creando snapshot recursivo: tank@replica-20260409-154123
[2026-04-09 15:41:25] Estimando tamaño del incremental...
[2026-04-09 15:41:27] Tamaño estimado total: 17.7M
[2026-04-09 15:41:27] Tamaño estimado en bytes: 18559795
[2026-04-09 15:41:27] Iniciando réplica incremental...
[2026-04-09 15:41:33] Réplica completada correctamente
[2026-04-09 15:41:33] Nuevo snapshot base común: tank@replica-20260409-154123
[2026-04-09 15:41:33] Estado guardado en: /home/alejandro/servidores/state/main1/zfs-repl-backup1.last_common
[2026-04-09 18:02:25] Origen:  tank
[2026-04-09 18:02:25] Destino: alejandro@backup1:backup/replicas/main1/tank
[2026-04-09 18:02:25] Base común: tank@replica-20260409-154123
[2026-04-09 18:02:25] Nuevo snapshot: tank@replica-20260409-180225
[2026-04-09 18:02:25] Creando snapshot recursivo: tank@replica-20260409-180225
[2026-04-09 18:02:26] Estimando tamaño del incremental...
[2026-04-09 18:02:26] Tamaño estimado total: 66.0G
[2026-04-09 18:02:26] Tamaño estimado en bytes: 70866960384
[2026-04-09 18:02:26] Iniciando réplica incremental...
[2026-04-09 18:05:23] Origen:  tank
[2026-04-09 18:05:23] Destino: alejandro@backup1:backup/replicas/main1/tank
[2026-04-09 18:05:23] Base común: tank@replica-20260409-154123
[2026-04-09 18:05:23] Nuevo snapshot: tank@replica-20260409-180523
[2026-04-09 18:05:24] Creando snapshot recursivo: tank@replica-20260409-180523
[2026-04-09 18:05:24] Estimando tamaño del incremental...
[2026-04-09 18:05:25] Tamaño estimado total: 66.0G
[2026-04-09 18:05:25] Tamaño estimado en bytes: 70866960384
[2026-04-09 18:05:25] Iniciando réplica incremental...
[2026-04-09 18:16:45] Réplica completada correctamente
[2026-04-09 18:16:45] Nuevo snapshot base común: tank@replica-20260409-180523
[2026-04-09 18:16:45] Estado guardado en: /home/alejandro/servidores/state/main1/zfs-repl-backup1.last_common
[2026-04-10 03:30:03] Origen:  tank
[2026-04-10 03:30:03] Destino: alejandro@backup1:backup/replicas/main1/tank
[2026-04-10 03:30:03] Base común: tank@replica-20260409-180523
[2026-04-10 03:30:03] Nuevo snapshot: tank@replica-20260410-033003
[2026-04-10 03:30:03] Creando snapshot recursivo: tank@replica-20260410-033003
[2026-04-10 03:30:04] Estimando tamaño del incremental...
[2026-04-10 03:30:04] Tamaño estimado total: 366M
[2026-04-10 03:30:04] Tamaño estimado en bytes: 383778816
[2026-04-10 03:30:04] Iniciando réplica incremental...
[2026-04-10 03:30:42] Réplica completada correctamente
[2026-04-10 03:30:42] Nuevo snapshot base común: tank@replica-20260410-033003
[2026-04-10 03:30:42] Estado guardado en: /home/alejandro/servidores/state/main1/zfs-repl-backup1.last_common
[2026-04-11 03:31:27] Origen:  tank
[2026-04-11 03:31:27] Destino: alejandro@backup1:backup/replicas/main1/tank
[2026-04-11 03:31:27] Base común: tank@replica-20260410-033003
[2026-04-11 03:31:27] Nuevo snapshot: tank@replica-20260411-033127
[2026-04-11 03:31:27] Creando snapshot recursivo: tank@replica-20260411-033127
[2026-04-11 03:31:27] Estimando tamaño del incremental...
[2026-04-11 03:31:28] Tamaño estimado total: 42.2G
[2026-04-11 03:31:28] Tamaño estimado en bytes: 45311904972
[2026-04-11 03:31:28] Iniciando réplica incremental...
[2026-04-11 03:38:33] Réplica completada correctamente
[2026-04-11 03:38:33] Nuevo snapshot base común: tank@replica-20260411-033127
[2026-04-11 03:38:33] Estado guardado en: /home/alejandro/servidores/state/main1/zfs-repl-backup1.last_common
[2026-04-12 03:30:03] Origen:  tank
[2026-04-12 03:30:03] Destino: alejandro@backup1:backup/replicas/main1/tank
[2026-04-12 03:30:03] Base común: tank@replica-20260411-033127
[2026-04-12 03:30:03] Nuevo snapshot: tank@replica-20260412-033003
[2026-04-12 03:30:03] Creando snapshot recursivo: tank@replica-20260412-033003
[2026-04-12 03:30:06] Estimando tamaño del incremental...
[2026-04-12 03:30:06] Tamaño estimado total: 436M
[2026-04-12 03:30:06] Tamaño estimado en bytes: 457179136
[2026-04-12 03:30:06] Iniciando réplica incremental...
[2026-04-12 03:31:00] Réplica completada correctamente
[2026-04-12 03:31:00] Nuevo snapshot base común: tank@replica-20260412-033003
[2026-04-12 03:31:00] Estado guardado en: /home/alejandro/servidores/state/main1/zfs-repl-backup1.last_common
